2026-04-18 15:29:02,564 INFO config: configs/v2.yaml | run: 20260418_152902
2026-04-18 15:29:02,608 INFO device: cuda
2026-04-18 15:29:02,916 INFO gpu: NVIDIA A100 80GB PCIe (85GB)
2026-04-18 15:29:02,953 INFO FPbase: loading cache from data/fpbase_data.csv
2026-04-18 15:29:03,075 INFO DMS: loading cache from data/gonzalez_somermeyer_dms.csv
2026-04-18 15:29:03,303 INFO test run: reduced dataset and epochs
2026-04-18 15:29:03,810 INFO clustering 120 sequences (threshold=0.3, folds=2)
2026-04-18 15:29:03,978 INFO   8 clusters formed
2026-04-18 15:29:03,979 INFO   fold 0: 71 proteins
2026-04-18 15:29:03,979 INFO   fold 1: 49 proteins
2026-04-18 15:29:03,980 INFO 
fold 1/2 — 49 train / 71 test
2026-04-18 15:29:07,937 INFO --- DMS pretraining: 400 sequences, 2 epochs ---
2026-04-18 15:29:28,109 INFO   epoch 001 | train 1.1058 | val 1.1398
2026-04-18 15:29:33,230 INFO   epoch 002 | train 0.9881 | val 1.1163
2026-04-18 15:29:33,346 INFO   best val loss: 1.1163
2026-04-18 15:29:34,308 INFO --- FPbase fine-tuning: 41 train / 8 val ---
2026-04-18 15:29:36,152 INFO   epoch 001 | train 1.4709 | val 1.0475
2026-04-18 15:29:38,239 INFO   best val loss: 0.9119
2026-04-18 15:29:38,245 INFO extracting embeddings...
2026-04-18 15:29:39,285 INFO   ex_max: 41 train / 8 val / 71 test
2026-04-18 15:29:39,785 INFO     R²=-0.5557  Spearman=0.3570
2026-04-18 15:29:39,785 INFO   em_max: 41 train / 8 val / 71 test
2026-04-18 15:29:39,930 INFO     R²=-1.0671  Spearman=0.2125
2026-04-18 15:29:39,930 INFO   ext_coeff: 41 train / 8 val / 71 test
2026-04-18 15:29:40,288 INFO     R²=-0.1050  Spearman=0.2111
2026-04-18 15:29:40,288 INFO   qy: 41 train / 8 val / 71 test
2026-04-18 15:29:40,419 INFO     R²=-0.1535  Spearman=0.1008
2026-04-18 15:29:40,422 INFO 
fold 2/2 — 71 train / 49 test
2026-04-18 15:29:41,770 INFO --- DMS pretraining: 400 sequences, 2 epochs ---
2026-04-18 15:29:46,814 INFO   epoch 001 | train 1.0569 | val 1.1308
2026-04-18 15:29:51,925 INFO   epoch 002 | train 0.9651 | val 1.1061
2026-04-18 15:29:52,051 INFO   best val loss: 1.1061
2026-04-18 15:29:52,494 INFO --- FPbase fine-tuning: 60 train / 11 val ---
2026-04-18 15:29:53,643 INFO   epoch 001 | train 0.9870 | val 0.5206
2026-04-18 15:29:56,244 INFO   best val loss: 0.4467
2026-04-18 15:29:56,252 INFO extracting embeddings...
2026-04-18 15:29:57,301 INFO   ex_max: 60 train / 11 val / 49 test
2026-04-18 15:29:57,444 INFO     R²=-0.4375  Spearman=-0.1320
2026-04-18 15:29:57,444 INFO   em_max: 60 train / 11 val / 49 test
2026-04-18 15:29:57,601 INFO     R²=-0.5203  Spearman=-0.0413
2026-04-18 15:29:57,601 INFO   ext_coeff: 60 train / 11 val / 49 test
2026-04-18 15:29:58,268 INFO     R²=-0.2302  Spearman=-0.2781
2026-04-18 15:29:58,268 INFO   qy: 60 train / 11 val / 49 test
2026-04-18 15:29:58,978 INFO     R²=-0.1616  Spearman=0.2238
2026-04-18 15:29:58,980 INFO 
CV results — v2 (DMS + XGBoost)
2026-04-18 15:29:58,981 INFO ------------------------------------------------------------
2026-04-18 15:29:58,981 INFO   ex_max        Spearman 0.1125 ± 0.2445  R² -0.4966 ± 0.0591  (2 folds, n=120)
2026-04-18 15:29:58,981 INFO   em_max        Spearman 0.0856 ± 0.1269  R² -0.7937 ± 0.2734  (2 folds, n=120)
2026-04-18 15:29:58,981 INFO   ext_coeff     Spearman -0.0335 ± 0.2446  R² -0.1676 ± 0.0626  (2 folds, n=120)
2026-04-18 15:29:58,981 INFO   qy            Spearman 0.1623 ± 0.0615  R² -0.1575 ± 0.0040  (2 folds, n=120)
2026-04-18 15:29:58,987 INFO results: results/v2/v2_20260418_152902.json
